22:33:20.604 [main] INFO  testCases.TC_001_AccountRegistrationTest - ************* starting TC_001_AccountRegistrationTest  ***************
22:33:20.992 [main] INFO  testCases.TC_001_AccountRegistrationTest - Clicked on My Account Link
22:33:22.398 [main] INFO  testCases.TC_001_AccountRegistrationTest - Clicked on Register Link
22:33:22.423 [main] INFO  testCases.TC_001_AccountRegistrationTest - Providing customer details......
22:33:27.126 [main] INFO  testCases.TC_001_AccountRegistrationTest - Clicked on continue button
22:33:27.209 [main] INFO  testCases.TC_001_AccountRegistrationTest - test passed
22:33:27.216 [main] INFO  testCases.TC_001_AccountRegistrationTest - ***************Finished TC_001_AccountRegistrationTest  ***************
22:33:27.567 [main] INFO  testCases.TC_001_AccountRegistrationTest - *****Closing Application
22:33:27.571 [main] INFO  testCases.TC_002_LoginTest - ******Launching Chrome Browser**********
22:33:30.918 [main] INFO  testCases.TC_002_LoginTest - *****Launching Application
22:33:31.077 [main] INFO  testCases.TC_002_LoginTest - Starting TC_002_LoginTest
22:33:33.799 [main] INFO  testCases.TC_002_LoginTest - Finished TC_002_LoginTest.......
22:33:34.107 [main] INFO  testCases.TC_002_LoginTest - *****Closing Application
22:37:49.233 [main] INFO  testCases.TC_001_AccountRegistrationTest - ******Launching Chrome Browser**********
22:37:53.516 [main] INFO  testCases.TC_001_AccountRegistrationTest - *****Launching Application
22:37:53.672 [main] INFO  testCases.TC_001_AccountRegistrationTest - ************* starting TC_001_AccountRegistrationTest  ***************
22:37:53.863 [main] INFO  testCases.TC_001_AccountRegistrationTest - Clicked on My Account Link
22:37:54.506 [main] INFO  testCases.TC_001_AccountRegistrationTest - Clicked on Register Link
22:37:54.511 [main] INFO  testCases.TC_001_AccountRegistrationTest - Providing customer details......
22:37:58.282 [main] INFO  testCases.TC_001_AccountRegistrationTest - Clicked on continue button
22:37:58.356 [main] INFO  testCases.TC_001_AccountRegistrationTest - test passed
22:37:58.363 [main] INFO  testCases.TC_001_AccountRegistrationTest - ***************Finished TC_001_AccountRegistrationTest  ***************
22:37:58.705 [main] INFO  testCases.TC_001_AccountRegistrationTest - *****Closing Application
22:37:58.710 [main] INFO  testCases.TC_002_LoginTest - ******Launching Chrome Browser**********
22:38:02.449 [main] INFO  testCases.TC_002_LoginTest - *****Launching Application
22:38:02.604 [main] INFO  testCases.TC_002_LoginTest - Starting TC_002_LoginTest
22:38:05.001 [main] INFO  testCases.TC_002_LoginTest - Finished TC_002_LoginTest.......
22:38:05.403 [main] INFO  testCases.TC_002_LoginTest - *****Closing Application
22:39:28.835 [main] INFO  testCases.TC_001_AccountRegistrationTest - ******Launching Chrome Browser**********
22:39:33.290 [main] INFO  testCases.TC_001_AccountRegistrationTest - *****Launching Application
22:39:33.519 [main] INFO  testCases.TC_001_AccountRegistrationTest - ************* starting TC_001_AccountRegistrationTest  ***************
22:39:33.797 [main] INFO  testCases.TC_001_AccountRegistrationTest - Clicked on My Account Link
22:39:34.722 [main] INFO  testCases.TC_001_AccountRegistrationTest - Clicked on Register Link
22:39:34.726 [main] INFO  testCases.TC_001_AccountRegistrationTest - Providing customer details......
22:39:38.650 [main] INFO  testCases.TC_001_AccountRegistrationTest - Clicked on continue button
22:39:38.739 [main] INFO  testCases.TC_001_AccountRegistrationTest - test passed
22:39:38.744 [main] INFO  testCases.TC_001_AccountRegistrationTest - ***************Finished TC_001_AccountRegistrationTest  ***************
22:39:39.128 [main] INFO  testCases.TC_001_AccountRegistrationTest - *****Closing Application
22:39:39.132 [main] INFO  testCases.TC_002_LoginTest - ******Launching Chrome Browser**********
22:39:42.177 [main] INFO  testCases.TC_002_LoginTest - *****Launching Application
22:39:42.353 [main] INFO  testCases.TC_002_LoginTest - Starting TC_002_LoginTest
22:39:44.661 [main] INFO  testCases.TC_002_LoginTest - Finished TC_002_LoginTest.......
22:39:45.010 [main] INFO  testCases.TC_002_LoginTest - *****Closing Application
22:48:24.208 [main] INFO  testCases.TC_001_AccountRegistrationTest - ******Launching Chrome Browser**********
22:48:30.139 [main] INFO  testCases.TC_001_AccountRegistrationTest - *****Launching Application
22:48:30.309 [main] INFO  testCases.TC_001_AccountRegistrationTest - ************* starting TC_001_AccountRegistrationTest  ***************
22:48:30.540 [main] INFO  testCases.TC_001_AccountRegistrationTest - Clicked on My Account Link
22:48:31.714 [main] INFO  testCases.TC_001_AccountRegistrationTest - Clicked on Register Link
22:48:31.720 [main] INFO  testCases.TC_001_AccountRegistrationTest - Providing customer details......
22:48:36.013 [main] INFO  testCases.TC_001_AccountRegistrationTest - Clicked on continue button
