22:48:36.086 [main] INFO  testCases.TC_001_AccountRegistrationTest - test passed
22:48:36.107 [main] INFO  testCases.TC_001_AccountRegistrationTest - ***************Finished TC_001_AccountRegistrationTest  ***************
22:48:36.446 [main] INFO  testCases.TC_001_AccountRegistrationTest - *****Closing Application
22:48:36.453 [main] INFO  testCases.TC_002_LoginTest - ******Launching Chrome Browser**********
22:48:39.784 [main] INFO  testCases.TC_002_LoginTest - *****Launching Application
22:48:39.948 [main] INFO  testCases.TC_002_LoginTest - Starting TC_002_LoginTest
22:48:42.024 [main] INFO  testCases.TC_002_LoginTest - Finished TC_002_LoginTest.......
22:48:42.324 [main] INFO  testCases.TC_002_LoginTest - *****Closing Application
23:02:00.415 [main] INFO  testCases.TC_001_AccountRegistrationTest - ******Launching Chrome Browser**********
23:02:05.853 [main] INFO  testCases.TC_001_AccountRegistrationTest - *****Launching Application
23:02:06.024 [main] INFO  testCases.TC_001_AccountRegistrationTest - ************* starting TC_001_AccountRegistrationTest  ***************
23:02:06.274 [main] INFO  testCases.TC_001_AccountRegistrationTest - Clicked on My Account Link
23:02:07.305 [main] INFO  testCases.TC_001_AccountRegistrationTest - Clicked on Register Link
23:02:07.313 [main] INFO  testCases.TC_001_AccountRegistrationTest - Providing customer details......
23:02:11.664 [main] INFO  testCases.TC_001_AccountRegistrationTest - Clicked on continue button
23:02:11.739 [main] INFO  testCases.TC_001_AccountRegistrationTest - test passed
23:02:11.746 [main] INFO  testCases.TC_001_AccountRegistrationTest - ***************Finished TC_001_AccountRegistrationTest  ***************
23:02:12.133 [main] INFO  testCases.TC_001_AccountRegistrationTest - *****Closing Application
23:02:12.136 [main] INFO  testCases.TC_002_LoginTest - ******Launching Chrome Browser**********
23:02:15.292 [main] INFO  testCases.TC_002_LoginTest - *****Launching Application
23:02:15.467 [main] INFO  testCases.TC_002_LoginTest - Starting TC_002_LoginTest
23:02:17.841 [main] INFO  testCases.TC_002_LoginTest - Finished TC_002_LoginTest.......
23:02:18.178 [main] INFO  testCases.TC_002_LoginTest - *****Closing Application
13:28:44.554 [main] INFO  testCases.TC_001_AccountRegistrationTest - ******Launching Chrome Browser**********
13:28:50.029 [main] INFO  testCases.TC_001_AccountRegistrationTest - *****Launching Application
13:28:50.182 [main] INFO  testCases.TC_001_AccountRegistrationTest - ************* starting TC_001_AccountRegistrationTest  ***************
13:28:50.422 [main] INFO  testCases.TC_001_AccountRegistrationTest - Clicked on My Account Link
13:28:51.476 [main] INFO  testCases.TC_001_AccountRegistrationTest - Clicked on Register Link
13:28:51.480 [main] INFO  testCases.TC_001_AccountRegistrationTest - Providing customer details......
13:28:55.402 [main] INFO  testCases.TC_001_AccountRegistrationTest - Clicked on continue button
13:28:55.539 [main] INFO  testCases.TC_001_AccountRegistrationTest - test passed
13:28:55.550 [main] INFO  testCases.TC_001_AccountRegistrationTest - ***************Finished TC_001_AccountRegistrationTest  ***************
13:28:56.054 [main] INFO  testCases.TC_001_AccountRegistrationTest - *****Closing Application
13:28:56.060 [main] INFO  testCases.TC_002_LoginTest - ******Launching Chrome Browser**********
13:28:59.649 [main] INFO  testCases.TC_002_LoginTest - *****Launching Application
13:28:59.799 [main] INFO  testCases.TC_002_LoginTest - Starting TC_002_LoginTest
13:29:02.152 [main] INFO  testCases.TC_002_LoginTest - Finished TC_002_LoginTest.......
13:29:02.441 [main] INFO  testCases.TC_002_LoginTest - *****Closing Application
13:29:02.442 [main] INFO  testCases.TC_003_LoginDataDrivenTest - ******Launching Chrome Browser**********
13:29:05.542 [main] INFO  testCases.TC_003_LoginDataDrivenTest - *****Launching Application
13:29:08.072 [main] INFO  testCases.TC_003_LoginDataDrivenTest -  Starting TC_003_LoginDataDrivenTest 
13:29:11.020 [main] INFO  testCases.TC_003_LoginDataDrivenTest -  Finished TC_003_LoginDataDrivenTest
13:29:11.023 [main] INFO  testCases.TC_003_LoginDataDrivenTest -  Starting TC_003_LoginDataDrivenTest 
13:29:22.892 [main] INFO  testCases.TC_003_LoginDataDrivenTest -  Finished TC_003_LoginDataDrivenTest
13:29:22.896 [main] INFO  testCases.TC_003_LoginDataDrivenTest -  Starting TC_003_LoginDataDrivenTest 
13:29:34.752 [main] INFO  testCases.TC_003_LoginDataDrivenTest -  Finished TC_003_LoginDataDrivenTest
13:29:34.754 [main] INFO  testCases.TC_003_LoginDataDrivenTest -  Starting TC_003_LoginDataDrivenTest 
13:29:46.582 [main] INFO  testCases.TC_003_LoginDataDrivenTest -  Finished TC_003_LoginDataDrivenTest
13:29:46.584 [main] INFO  testCases.TC_003_LoginDataDrivenTest -  Starting TC_003_LoginDataDrivenTest 
13:29:49.314 [main] INFO  testCases.TC_003_LoginDataDrivenTest -  Finished TC_003_LoginDataDrivenTest
13:29:49.721 [main] INFO  testCases.TC_003_LoginDataDrivenTest - *****Closing Application
